{"/home/luann/learn/prism/src/app/services/CreateUserService.js": {"path":"/home/luann/learn/prism/src/app/services/CreateUserService.js","all":false,"statementMap":{"0":{"start":{"line":1,"column":0},"end":{"line":1,"column":45}},"1":{"start":{"line":2,"column":0},"end":{"line":2,"column":60}},"2":{"start":{"line":3,"column":0},"end":{"line":3,"column":0}},"3":{"start":{"line":4,"column":0},"end":{"line":4,"column":25}},"4":{"start":{"line":5,"column":0},"end":{"line":5,"column":44}},"5":{"start":{"line":6,"column":0},"end":{"line":6,"column":26}},"6":{"start":{"line":7,"column":0},"end":{"line":7,"column":3}},"7":{"start":{"line":8,"column":0},"end":{"line":8,"column":0}},"8":{"start":{"line":9,"column":0},"end":{"line":9,"column":40}},"9":{"start":{"line":10,"column":0},"end":{"line":10,"column":58}},"10":{"start":{"line":11,"column":0},"end":{"line":11,"column":0}},"11":{"start":{"line":12,"column":0},"end":{"line":12,"column":22}},"12":{"start":{"line":13,"column":0},"end":{"line":13,"column":54}},"13":{"start":{"line":14,"column":0},"end":{"line":14,"column":5}},"14":{"start":{"line":15,"column":0},"end":{"line":15,"column":0}},"15":{"start":{"line":16,"column":0},"end":{"line":16,"column":62}},"16":{"start":{"line":17,"column":0},"end":{"line":17,"column":0}},"17":{"start":{"line":18,"column":0},"end":{"line":18,"column":16}},"18":{"start":{"line":19,"column":0},"end":{"line":19,"column":3}},"19":{"start":{"line":20,"column":0},"end":{"line":20,"column":1}},"20":{"start":{"line":21,"column":0},"end":{"line":21,"column":0}},"21":{"start":{"line":22,"column":0},"end":{"line":22,"column":39}}},"s":{"0":1,"1":1,"2":2,"3":2,"4":1,"5":1,"6":1,"7":1,"8":1,"9":1,"10":1,"11":1,"12":1,"13":1,"14":1,"15":1,"16":1,"17":1,"18":1,"19":1,"20":1,"21":1},"branchMap":{"0":{"type":"branch","line":1,"loc":{"start":{"line":1,"column":0},"end":{"line":22,"column":39}},"locations":[{"start":{"line":1,"column":0},"end":{"line":22,"column":39}}]},"1":{"type":"branch","line":1,"loc":{"start":{"line":1,"column":0},"end":{"line":22,"column":39}},"locations":[{"start":{"line":1,"column":0},"end":{"line":22,"column":39}}]},"2":{"type":"branch","line":2,"loc":{"start":{"line":2,"column":28},"end":{"line":5,"column":35}},"locations":[{"start":{"line":2,"column":28},"end":{"line":5,"column":35}}]},"3":{"type":"branch","line":5,"loc":{"start":{"line":5,"column":14},"end":{"line":5,"column":32}},"locations":[{"start":{"line":5,"column":14},"end":{"line":5,"column":32}}]},"4":{"type":"branch","line":16,"loc":{"start":{"line":16,"column":32},"end":{"line":22,"column":27}},"locations":[{"start":{"line":16,"column":32},"end":{"line":22,"column":27}}]}},"b":{"0":[1],"1":[1],"2":[2],"3":[0],"4":[1]},"fnMap":{"0":{"name":"Object.<anonymous>","decl":{"start":{"line":1,"column":0},"end":{"line":22,"column":39}},"loc":{"start":{"line":1,"column":0},"end":{"line":22,"column":39}},"line":1},"1":{"name":"_interopRequireDefault","decl":{"start":{"line":2,"column":28},"end":{"line":5,"column":35}},"loc":{"start":{"line":2,"column":28},"end":{"line":5,"column":35}},"line":2},"2":{"name":"CreateUserService","decl":{"start":{"line":16,"column":32},"end":{"line":22,"column":27}},"loc":{"start":{"line":16,"column":32},"end":{"line":22,"column":27}},"line":16},"3":{"name":"run","decl":{"start":{"line":22,"column":31},"end":{"line":22,"column":39}},"loc":{"start":{"line":22,"column":31},"end":{"line":22,"column":39}},"line":22}},"f":{"0":1,"1":2,"2":1,"3":0}}
}
