TN:
SF:src/app/services/CreateUserService.js
FN:1,Object.<anonymous>
FN:2,_interopRequireDefault
FN:16,CreateUserService
FN:22,run
FNF:4
FNH:3
FNDA:1,Object.<anonymous>
FNDA:2,_interopRequireDefault
FNDA:1,CreateUserService
FNDA:0,run
DA:1,1
DA:2,1
DA:3,2
DA:4,2
DA:5,1
DA:6,1
DA:7,1
DA:8,1
DA:9,1
DA:10,1
DA:11,1
DA:12,1
DA:13,1
DA:14,1
DA:15,1
DA:16,1
DA:17,1
DA:18,1
DA:19,1
DA:20,1
DA:21,1
DA:22,1
LF:22
LH:22
BRDA:1,0,0,1
BRDA:1,1,0,1
BRDA:2,2,0,2
BRDA:5,3,0,0
BRDA:16,4,0,1
BRF:5
BRH:4
end_of_record
